{"/Users/pauldowning/PersonalProjects/kava-clone/src/components/app.js": {"path":"/Users/pauldowning/PersonalProjects/kava-clone/src/components/app.js","statementMap":{"0":{"start":{"line":6,"column":2},"end":{"line":14,"column":4}}},"fnMap":{"0":{"name":"App","decl":{"start":{"line":5,"column":24},"end":{"line":5,"column":27}},"loc":{"start":{"line":5,"column":30},"end":{"line":15,"column":1}},"line":5}},"branchMap":{},"s":{"0":1},"f":{"0":1},"b":{},"_coverageSchema":"43e27e138ebf9cfc5966b082cf9a028302ed4184","hash":"44e89a5358f78a6edf0574510216f1d64dcdd414"}
,"/Users/pauldowning/PersonalProjects/kava-clone/src/components/dashboard/arrowDownLabel.js": {"path":"/Users/pauldowning/PersonalProjects/kava-clone/src/components/dashboard/arrowDownLabel.js","statementMap":{"0":{"start":{"line":6,"column":2},"end":{"line":13,"column":4}},"1":{"start":{"line":16,"column":0},"end":{"line":18,"column":1}}},"fnMap":{"0":{"name":"ArrowDownLabel","decl":{"start":{"line":5,"column":24},"end":{"line":5,"column":38}},"loc":{"start":{"line":5,"column":54},"end":{"line":14,"column":1}},"line":5}},"branchMap":{},"s":{"0":7,"1":5},"f":{"0":7},"b":{},"_coverageSchema":"43e27e138ebf9cfc5966b082cf9a028302ed4184","hash":"aca98b59f9bfcfe75eafacea63a77a9c0d76bd36"}
,"/Users/pauldowning/PersonalProjects/kava-clone/src/components/dashboard/comingSoonProgressBar.js": {"path":"/Users/pauldowning/PersonalProjects/kava-clone/src/components/dashboard/comingSoonProgressBar.js","statementMap":{"0":{"start":{"line":6,"column":2},"end":{"line":22,"column":4}},"1":{"start":{"line":25,"column":0},"end":{"line":25,"column":65}}},"fnMap":{"0":{"name":"ComingSoonProgressBar","decl":{"start":{"line":5,"column":24},"end":{"line":5,"column":45}},"loc":{"start":{"line":5,"column":61},"end":{"line":23,"column":1}},"line":5}},"branchMap":{},"s":{"0":10,"1":5},"f":{"0":10},"b":{},"_coverageSchema":"43e27e138ebf9cfc5966b082cf9a028302ed4184","hash":"543ee6c2c5a937a86d23536f04c98bee446fa418"}
,"/Users/pauldowning/PersonalProjects/kava-clone/src/components/dashboard/featuredCardInfo.js": {"path":"/Users/pauldowning/PersonalProjects/kava-clone/src/components/dashboard/featuredCardInfo.js","statementMap":{"0":{"start":{"line":6,"column":2},"end":{"line":14,"column":3}},"1":{"start":{"line":17,"column":0},"end":{"line":21,"column":1}}},"fnMap":{"0":{"name":"FeaturedCardInfo","decl":{"start":{"line":5,"column":24},"end":{"line":5,"column":40}},"loc":{"start":{"line":5,"column":71},"end":{"line":15,"column":1}},"line":5}},"branchMap":{},"s":{"0":7,"1":5},"f":{"0":7},"b":{},"_coverageSchema":"43e27e138ebf9cfc5966b082cf9a028302ed4184","hash":"cc104ac420355094ca29a86287c773be5be5c048"}
,"/Users/pauldowning/PersonalProjects/kava-clone/src/components/dashboard/index.js": {"path":"/Users/pauldowning/PersonalProjects/kava-clone/src/components/dashboard/index.js","statementMap":{"0":{"start":{"line":17,"column":19},"end":{"line":17,"column":32}},"1":{"start":{"line":19,"column":2},"end":{"line":27,"column":17}},"2":{"start":{"line":20,"column":4},"end":{"line":26,"column":41}},"3":{"start":{"line":30,"column":23},"end":{"line":30,"column":70}},"4":{"start":{"line":30,"column":44},"end":{"line":30,"column":69}},"5":{"start":{"line":31,"column":28},"end":{"line":31,"column":79}},"6":{"start":{"line":31,"column":49},"end":{"line":31,"column":78}},"7":{"start":{"line":32,"column":27},"end":{"line":32,"column":77}},"8":{"start":{"line":32,"column":48},"end":{"line":32,"column":76}},"9":{"start":{"line":33,"column":32},"end":{"line":33,"column":91}},"10":{"start":{"line":33,"column":53},"end":{"line":33,"column":90}},"11":{"start":{"line":34,"column":32},"end":{"line":34,"column":91}},"12":{"start":{"line":34,"column":53},"end":{"line":34,"column":90}},"13":{"start":{"line":35,"column":22},"end":{"line":35,"column":68}},"14":{"start":{"line":35,"column":43},"end":{"line":35,"column":67}},"15":{"start":{"line":36,"column":28},"end":{"line":36,"column":80}},"16":{"start":{"line":36,"column":49},"end":{"line":36,"column":79}},"17":{"start":{"line":41,"column":22},"end":{"line":43,"column":40}},"18":{"start":{"line":45,"column":2},"end":{"line":45,"column":38}},"19":{"start":{"line":45,"column":21},"end":{"line":45,"column":38}},"20":{"start":{"line":47,"column":2},"end":{"line":68,"column":3}}},"fnMap":{"0":{"name":"Dashboard","decl":{"start":{"line":15,"column":24},"end":{"line":15,"column":33}},"loc":{"start":{"line":15,"column":36},"end":{"line":69,"column":1}},"line":15},"1":{"name":"(anonymous_1)","decl":{"start":{"line":19,"column":12},"end":{"line":19,"column":13}},"loc":{"start":{"line":19,"column":18},"end":{"line":27,"column":3}},"line":19},"2":{"name":"(anonymous_2)","decl":{"start":{"line":30,"column":35},"end":{"line":30,"column":36}},"loc":{"start":{"line":30,"column":44},"end":{"line":30,"column":69}},"line":30},"3":{"name":"(anonymous_3)","decl":{"start":{"line":31,"column":40},"end":{"line":31,"column":41}},"loc":{"start":{"line":31,"column":49},"end":{"line":31,"column":78}},"line":31},"4":{"name":"(anonymous_4)","decl":{"start":{"line":32,"column":39},"end":{"line":32,"column":40}},"loc":{"start":{"line":32,"column":48},"end":{"line":32,"column":76}},"line":32},"5":{"name":"(anonymous_5)","decl":{"start":{"line":33,"column":44},"end":{"line":33,"column":45}},"loc":{"start":{"line":33,"column":53},"end":{"line":33,"column":90}},"line":33},"6":{"name":"(anonymous_6)","decl":{"start":{"line":34,"column":44},"end":{"line":34,"column":45}},"loc":{"start":{"line":34,"column":53},"end":{"line":34,"column":90}},"line":34},"7":{"name":"(anonymous_7)","decl":{"start":{"line":35,"column":34},"end":{"line":35,"column":35}},"loc":{"start":{"line":35,"column":43},"end":{"line":35,"column":67}},"line":35},"8":{"name":"(anonymous_8)","decl":{"start":{"line":36,"column":40},"end":{"line":36,"column":41}},"loc":{"start":{"line":36,"column":49},"end":{"line":36,"column":79}},"line":36}},"branchMap":{"0":{"loc":{"start":{"line":41,"column":22},"end":{"line":43,"column":40}},"type":"binary-expr","locations":[{"start":{"line":41,"column":22},"end":{"line":41,"column":36}},{"start":{"line":41,"column":40},"end":{"line":41,"column":59}},{"start":{"line":42,"column":4},"end":{"line":42,"column":22}},{"start":{"line":42,"column":26},"end":{"line":42,"column":49}},{"start":{"line":42,"column":53},"end":{"line":42,"column":76}},{"start":{"line":43,"column":4},"end":{"line":43,"column":17}},{"start":{"line":43,"column":21},"end":{"line":43,"column":40}}],"line":41},"1":{"loc":{"start":{"line":45,"column":2},"end":{"line":45,"column":38}},"type":"if","locations":[{"start":{"line":45,"column":2},"end":{"line":45,"column":38}},{"start":{"line":45,"column":2},"end":{"line":45,"column":38}}],"line":45}},"s":{"0":3,"1":3,"2":3,"3":3,"4":34,"5":3,"6":34,"7":3,"8":34,"9":3,"10":34,"11":3,"12":34,"13":3,"14":34,"15":3,"16":34,"17":3,"18":3,"19":1,"20":2},"f":{"0":3,"1":3,"2":34,"3":34,"4":34,"5":34,"6":34,"7":34,"8":34},"b":{"0":[3,3,3,3,3,3,3],"1":[1,2]},"_coverageSchema":"43e27e138ebf9cfc5966b082cf9a028302ed4184","hash":"50217f8387c8a29f2b933a6ca3675a3272f735f8"}
,"/Users/pauldowning/PersonalProjects/kava-clone/src/components/dashboard/lockedAssetsCard.js": {"path":"/Users/pauldowning/PersonalProjects/kava-clone/src/components/dashboard/lockedAssetsCard.js","statementMap":{"0":{"start":{"line":29,"column":25},"end":{"line":29,"column":102}},"1":{"start":{"line":29,"column":55},"end":{"line":29,"column":100}},"2":{"start":{"line":30,"column":17},"end":{"line":30,"column":67}},"3":{"start":{"line":30,"column":38},"end":{"line":30,"column":66}},"4":{"start":{"line":31,"column":23},"end":{"line":31,"column":98}},"5":{"start":{"line":31,"column":53},"end":{"line":31,"column":96}},"6":{"start":{"line":32,"column":22},"end":{"line":32,"column":73}},"7":{"start":{"line":32,"column":43},"end":{"line":32,"column":72}},"8":{"start":{"line":33,"column":31},"end":{"line":33,"column":91}},"9":{"start":{"line":33,"column":52},"end":{"line":33,"column":90}},"10":{"start":{"line":34,"column":15},"end":{"line":34,"column":105}},"11":{"start":{"line":34,"column":36},"end":{"line":34,"column":104}},"12":{"start":{"line":34,"column":86},"end":{"line":34,"column":103}},"13":{"start":{"line":35,"column":26},"end":{"line":35,"column":114}},"14":{"start":{"line":35,"column":47},"end":{"line":35,"column":113}},"15":{"start":{"line":35,"column":89},"end":{"line":35,"column":106}},"16":{"start":{"line":38,"column":24},"end":{"line":38,"column":51}},"17":{"start":{"line":39,"column":29},"end":{"line":39,"column":70}},"18":{"start":{"line":40,"column":17},"end":{"line":40,"column":54}},"19":{"start":{"line":41,"column":19},"end":{"line":41,"column":63}},"20":{"start":{"line":42,"column":31},"end":{"line":42,"column":115}},"21":{"start":{"line":43,"column":27},"end":{"line":43,"column":65}},"22":{"start":{"line":45,"column":28},"end":{"line":45,"column":74}},"23":{"start":{"line":47,"column":2},"end":{"line":95,"column":3}}},"fnMap":{"0":{"name":"LockedAssetsCard","decl":{"start":{"line":25,"column":24},"end":{"line":25,"column":40}},"loc":{"start":{"line":25,"column":43},"end":{"line":96,"column":1}},"line":25},"1":{"name":"(anonymous_1)","decl":{"start":{"line":29,"column":46},"end":{"line":29,"column":47}},"loc":{"start":{"line":29,"column":55},"end":{"line":29,"column":100}},"line":29},"2":{"name":"(anonymous_2)","decl":{"start":{"line":30,"column":29},"end":{"line":30,"column":30}},"loc":{"start":{"line":30,"column":38},"end":{"line":30,"column":66}},"line":30},"3":{"name":"(anonymous_3)","decl":{"start":{"line":31,"column":44},"end":{"line":31,"column":45}},"loc":{"start":{"line":31,"column":53},"end":{"line":31,"column":96}},"line":31},"4":{"name":"(anonymous_4)","decl":{"start":{"line":32,"column":34},"end":{"line":32,"column":35}},"loc":{"start":{"line":32,"column":43},"end":{"line":32,"column":72}},"line":32},"5":{"name":"(anonymous_5)","decl":{"start":{"line":33,"column":43},"end":{"line":33,"column":44}},"loc":{"start":{"line":33,"column":52},"end":{"line":33,"column":90}},"line":33},"6":{"name":"(anonymous_6)","decl":{"start":{"line":34,"column":27},"end":{"line":34,"column":28}},"loc":{"start":{"line":34,"column":36},"end":{"line":34,"column":104}},"line":34},"7":{"name":"(anonymous_7)","decl":{"start":{"line":34,"column":81},"end":{"line":34,"column":82}},"loc":{"start":{"line":34,"column":86},"end":{"line":34,"column":103}},"line":34},"8":{"name":"(anonymous_8)","decl":{"start":{"line":35,"column":38},"end":{"line":35,"column":39}},"loc":{"start":{"line":35,"column":47},"end":{"line":35,"column":113}},"line":35},"9":{"name":"(anonymous_9)","decl":{"start":{"line":35,"column":84},"end":{"line":35,"column":85}},"loc":{"start":{"line":35,"column":89},"end":{"line":35,"column":106}},"line":35}},"branchMap":{},"s":{"0":3,"1":27,"2":3,"3":27,"4":3,"5":27,"6":3,"7":27,"8":3,"9":27,"10":3,"11":27,"12":27,"13":3,"14":27,"15":27,"16":3,"17":3,"18":3,"19":3,"20":3,"21":3,"22":3,"23":3},"f":{"0":3,"1":27,"2":27,"3":27,"4":27,"5":27,"6":27,"7":27,"8":27,"9":27},"b":{},"_coverageSchema":"43e27e138ebf9cfc5966b082cf9a028302ed4184","hash":"9914e1da99bc5a5943b36b358676c8c298d09602"}
,"/Users/pauldowning/PersonalProjects/kava-clone/src/components/dashboard/progressBarPanel.js": {"path":"/Users/pauldowning/PersonalProjects/kava-clone/src/components/dashboard/progressBarPanel.js","statementMap":{"0":{"start":{"line":14,"column":28},"end":{"line":14,"column":98}},"1":{"start":{"line":16,"column":2},"end":{"line":33,"column":4}},"2":{"start":{"line":36,"column":0},"end":{"line":41,"column":1}}},"fnMap":{"0":{"name":"ProgressBarPanel","decl":{"start":{"line":12,"column":24},"end":{"line":12,"column":40}},"loc":{"start":{"line":12,"column":80},"end":{"line":34,"column":1}},"line":12}},"branchMap":{},"s":{"0":7,"1":7,"2":5},"f":{"0":7},"b":{},"_coverageSchema":"43e27e138ebf9cfc5966b082cf9a028302ed4184","hash":"679aade4e301a1b79a5689b00c6959f9528568ce"}
,"/Users/pauldowning/PersonalProjects/kava-clone/src/components/dashboard/topAssetsTable.js": {"path":"/Users/pauldowning/PersonalProjects/kava-clone/src/components/dashboard/topAssetsTable.js","statementMap":{"0":{"start":{"line":17,"column":13},"end":{"line":17,"column":53}},"1":{"start":{"line":17,"column":34},"end":{"line":17,"column":52}},"2":{"start":{"line":18,"column":15},"end":{"line":18,"column":105}},"3":{"start":{"line":18,"column":36},"end":{"line":18,"column":104}},"4":{"start":{"line":18,"column":86},"end":{"line":18,"column":103}},"5":{"start":{"line":19,"column":17},"end":{"line":19,"column":54}},"6":{"start":{"line":21,"column":28},"end":{"line":21,"column":47}},"7":{"start":{"line":22,"column":19},"end":{"line":22,"column":63}},"8":{"start":{"line":23,"column":22},"end":{"line":23,"column":73}},"9":{"start":{"line":23,"column":43},"end":{"line":23,"column":72}},"10":{"start":{"line":24,"column":17},"end":{"line":24,"column":67}},"11":{"start":{"line":24,"column":38},"end":{"line":24,"column":66}},"12":{"start":{"line":29,"column":27},"end":{"line":31,"column":3}},"13":{"start":{"line":30,"column":18},"end":{"line":30,"column":67}},"14":{"start":{"line":33,"column":32},"end":{"line":33,"column":80}},"15":{"start":{"line":34,"column":14},"end":{"line":34,"column":76}},"16":{"start":{"line":36,"column":2},"end":{"line":80,"column":3}}},"fnMap":{"0":{"name":"TopAssetsTable","decl":{"start":{"line":15,"column":24},"end":{"line":15,"column":38}},"loc":{"start":{"line":15,"column":41},"end":{"line":81,"column":1}},"line":15},"1":{"name":"(anonymous_1)","decl":{"start":{"line":17,"column":25},"end":{"line":17,"column":26}},"loc":{"start":{"line":17,"column":34},"end":{"line":17,"column":52}},"line":17},"2":{"name":"(anonymous_2)","decl":{"start":{"line":18,"column":27},"end":{"line":18,"column":28}},"loc":{"start":{"line":18,"column":36},"end":{"line":18,"column":104}},"line":18},"3":{"name":"(anonymous_3)","decl":{"start":{"line":18,"column":81},"end":{"line":18,"column":82}},"loc":{"start":{"line":18,"column":86},"end":{"line":18,"column":103}},"line":18},"4":{"name":"(anonymous_4)","decl":{"start":{"line":23,"column":34},"end":{"line":23,"column":35}},"loc":{"start":{"line":23,"column":43},"end":{"line":23,"column":72}},"line":23},"5":{"name":"(anonymous_5)","decl":{"start":{"line":24,"column":29},"end":{"line":24,"column":30}},"loc":{"start":{"line":24,"column":38},"end":{"line":24,"column":66}},"line":24},"6":{"name":"(anonymous_6)","decl":{"start":{"line":30,"column":4},"end":{"line":30,"column":5}},"loc":{"start":{"line":30,"column":18},"end":{"line":30,"column":67}},"line":30}},"branchMap":{},"s":{"0":3,"1":27,"2":3,"3":27,"4":27,"5":3,"6":3,"7":3,"8":3,"9":27,"10":3,"11":27,"12":3,"13":6,"14":3,"15":3,"16":3},"f":{"0":3,"1":27,"2":27,"3":27,"4":27,"5":27,"6":6},"b":{},"_coverageSchema":"43e27e138ebf9cfc5966b082cf9a028302ed4184","hash":"593424849d30bdce45e0718157dc63474e5dfd99"}
,"/Users/pauldowning/PersonalProjects/kava-clone/src/components/dashboard/topAssetsTableRow.js": {"path":"/Users/pauldowning/PersonalProjects/kava-clone/src/components/dashboard/topAssetsTableRow.js","statementMap":{"0":{"start":{"line":8,"column":2},"end":{"line":18,"column":3}},"1":{"start":{"line":21,"column":0},"end":{"line":28,"column":1}}},"fnMap":{"0":{"name":"TopAssetsTableRow","decl":{"start":{"line":7,"column":24},"end":{"line":7,"column":41}},"loc":{"start":{"line":7,"column":106},"end":{"line":19,"column":1}},"line":7}},"branchMap":{},"s":{"0":10,"1":4},"f":{"0":10},"b":{},"_coverageSchema":"43e27e138ebf9cfc5966b082cf9a028302ed4184","hash":"cd0663b20c9693ce63afd8b2b69ada223b931164"}
,"/Users/pauldowning/PersonalProjects/kava-clone/src/components/dashboard/totalLoansCard.js": {"path":"/Users/pauldowning/PersonalProjects/kava-clone/src/components/dashboard/totalLoansCard.js","statementMap":{"0":{"start":{"line":23,"column":24},"end":{"line":23,"column":107}},"1":{"start":{"line":23,"column":45},"end":{"line":23,"column":106}},"2":{"start":{"line":25,"column":2},"end":{"line":72,"column":3}}},"fnMap":{"0":{"name":"TotalLoansCard","decl":{"start":{"line":21,"column":24},"end":{"line":21,"column":38}},"loc":{"start":{"line":21,"column":41},"end":{"line":73,"column":1}},"line":21},"1":{"name":"(anonymous_1)","decl":{"start":{"line":23,"column":36},"end":{"line":23,"column":37}},"loc":{"start":{"line":23,"column":45},"end":{"line":23,"column":106}},"line":23}},"branchMap":{},"s":{"0":3,"1":27,"2":3},"f":{"0":3,"1":27},"b":{},"_coverageSchema":"43e27e138ebf9cfc5966b082cf9a028302ed4184","hash":"3834f55db1bbb7efd8d19697ae77fa3a3fc7a83b"}
,"/Users/pauldowning/PersonalProjects/kava-clone/src/components/shared/divider.js": {"path":"/Users/pauldowning/PersonalProjects/kava-clone/src/components/shared/divider.js","statementMap":{"0":{"start":{"line":4,"column":2},"end":{"line":4,"column":40}}},"fnMap":{"0":{"name":"Divider","decl":{"start":{"line":3,"column":24},"end":{"line":3,"column":31}},"loc":{"start":{"line":3,"column":34},"end":{"line":5,"column":1}},"line":3}},"branchMap":{},"s":{"0":22},"f":{"0":22},"b":{},"_coverageSchema":"43e27e138ebf9cfc5966b082cf9a028302ed4184","hash":"8bf9e6c56479c247c3237b723bb7ac6df7556ee5"}
,"/Users/pauldowning/PersonalProjects/kava-clone/src/modules/bnb.js": {"path":"/Users/pauldowning/PersonalProjects/kava-clone/src/modules/bnb.js","statementMap":{"0":{"start":{"line":5,"column":40},"end":{"line":5,"column":66}},"1":{"start":{"line":6,"column":39},"end":{"line":6,"column":64}},"2":{"start":{"line":7,"column":38},"end":{"line":7,"column":62}},"3":{"start":{"line":8,"column":37},"end":{"line":8,"column":60}},"4":{"start":{"line":9,"column":36},"end":{"line":9,"column":58}},"5":{"start":{"line":12,"column":21},"end":{"line":17,"column":1}},"6":{"start":{"line":20,"column":2},"end":{"line":51,"column":3}},"7":{"start":{"line":22,"column":6},"end":{"line":24,"column":7}},"8":{"start":{"line":26,"column":6},"end":{"line":30,"column":7}},"9":{"start":{"line":32,"column":6},"end":{"line":36,"column":7}},"10":{"start":{"line":38,"column":6},"end":{"line":42,"column":7}},"11":{"start":{"line":44,"column":6},"end":{"line":48,"column":7}},"12":{"start":{"line":50,"column":6},"end":{"line":50,"column":18}},"13":{"start":{"line":55,"column":37},"end":{"line":57,"column":1}},"14":{"start":{"line":56,"column":2},"end":{"line":56,"column":44}},"15":{"start":{"line":59,"column":36},"end":{"line":61,"column":1}},"16":{"start":{"line":60,"column":2},"end":{"line":60,"column":49}},"17":{"start":{"line":63,"column":34},"end":{"line":65,"column":1}},"18":{"start":{"line":64,"column":2},"end":{"line":64,"column":47}},"19":{"start":{"line":67,"column":35},"end":{"line":69,"column":1}},"20":{"start":{"line":68,"column":2},"end":{"line":68,"column":48}},"21":{"start":{"line":71,"column":33},"end":{"line":73,"column":1}},"22":{"start":{"line":72,"column":2},"end":{"line":72,"column":46}},"23":{"start":{"line":77,"column":2},"end":{"line":87,"column":4}},"24":{"start":{"line":78,"column":4},"end":{"line":78,"column":38}},"25":{"start":{"line":79,"column":23},"end":{"line":79,"column":56}},"26":{"start":{"line":80,"column":4},"end":{"line":86,"column":8}},"27":{"start":{"line":82,"column":8},"end":{"line":82,"column":63}},"28":{"start":{"line":85,"column":8},"end":{"line":85,"column":51}},"29":{"start":{"line":91,"column":2},"end":{"line":101,"column":4}},"30":{"start":{"line":92,"column":4},"end":{"line":92,"column":38}},"31":{"start":{"line":93,"column":22},"end":{"line":93,"column":63}},"32":{"start":{"line":94,"column":4},"end":{"line":100,"column":8}},"33":{"start":{"line":96,"column":8},"end":{"line":96,"column":62}},"34":{"start":{"line":99,"column":8},"end":{"line":99,"column":50}}},"fnMap":{"0":{"name":"reducer","decl":{"start":{"line":19,"column":24},"end":{"line":19,"column":31}},"loc":{"start":{"line":19,"column":62},"end":{"line":52,"column":1}},"line":19},"1":{"name":"(anonymous_1)","decl":{"start":{"line":55,"column":37},"end":{"line":55,"column":38}},"loc":{"start":{"line":55,"column":43},"end":{"line":57,"column":1}},"line":55},"2":{"name":"(anonymous_2)","decl":{"start":{"line":59,"column":36},"end":{"line":59,"column":37}},"loc":{"start":{"line":59,"column":46},"end":{"line":61,"column":1}},"line":59},"3":{"name":"(anonymous_3)","decl":{"start":{"line":63,"column":34},"end":{"line":63,"column":35}},"loc":{"start":{"line":63,"column":44},"end":{"line":65,"column":1}},"line":63},"4":{"name":"(anonymous_4)","decl":{"start":{"line":67,"column":35},"end":{"line":67,"column":36}},"loc":{"start":{"line":67,"column":45},"end":{"line":69,"column":1}},"line":67},"5":{"name":"(anonymous_5)","decl":{"start":{"line":71,"column":33},"end":{"line":71,"column":34}},"loc":{"start":{"line":71,"column":43},"end":{"line":73,"column":1}},"line":71},"6":{"name":"getBnbSupplyData","decl":{"start":{"line":76,"column":16},"end":{"line":76,"column":32}},"loc":{"start":{"line":76,"column":35},"end":{"line":88,"column":1}},"line":76},"7":{"name":"(anonymous_7)","decl":{"start":{"line":77,"column":9},"end":{"line":77,"column":10}},"loc":{"start":{"line":77,"column":21},"end":{"line":87,"column":3}},"line":77},"8":{"name":"(anonymous_8)","decl":{"start":{"line":81,"column":12},"end":{"line":81,"column":13}},"loc":{"start":{"line":81,"column":19},"end":{"line":83,"column":7}},"line":81},"9":{"name":"(anonymous_9)","decl":{"start":{"line":84,"column":13},"end":{"line":84,"column":14}},"loc":{"start":{"line":84,"column":22},"end":{"line":86,"column":7}},"line":84},"10":{"name":"getBnbPriceData","decl":{"start":{"line":90,"column":16},"end":{"line":90,"column":31}},"loc":{"start":{"line":90,"column":34},"end":{"line":102,"column":1}},"line":90},"11":{"name":"(anonymous_11)","decl":{"start":{"line":91,"column":9},"end":{"line":91,"column":10}},"loc":{"start":{"line":91,"column":21},"end":{"line":101,"column":3}},"line":91},"12":{"name":"(anonymous_12)","decl":{"start":{"line":95,"column":12},"end":{"line":95,"column":13}},"loc":{"start":{"line":95,"column":19},"end":{"line":97,"column":7}},"line":95},"13":{"name":"(anonymous_13)","decl":{"start":{"line":98,"column":13},"end":{"line":98,"column":14}},"loc":{"start":{"line":98,"column":22},"end":{"line":100,"column":7}},"line":98}},"branchMap":{"0":{"loc":{"start":{"line":19,"column":32},"end":{"line":19,"column":52}},"type":"default-arg","locations":[{"start":{"line":19,"column":40},"end":{"line":19,"column":52}}],"line":19},"1":{"loc":{"start":{"line":20,"column":2},"end":{"line":51,"column":3}},"type":"switch","locations":[{"start":{"line":21,"column":4},"end":{"line":24,"column":7}},{"start":{"line":25,"column":4},"end":{"line":30,"column":7}},{"start":{"line":31,"column":4},"end":{"line":36,"column":7}},{"start":{"line":37,"column":4},"end":{"line":42,"column":7}},{"start":{"line":43,"column":4},"end":{"line":48,"column":7}},{"start":{"line":49,"column":4},"end":{"line":50,"column":18}}],"line":20}},"s":{"0":3,"1":3,"2":3,"3":3,"4":3,"5":3,"6":7,"7":1,"8":1,"9":1,"10":1,"11":1,"12":2,"13":3,"14":12,"15":3,"16":4,"17":3,"18":4,"19":3,"20":4,"21":3,"22":4,"23":5,"24":5,"25":5,"26":5,"27":1,"28":1,"29":5,"30":5,"31":5,"32":5,"33":1,"34":1},"f":{"0":7,"1":12,"2":4,"3":4,"4":4,"5":4,"6":5,"7":5,"8":1,"9":1,"10":5,"11":5,"12":1,"13":1},"b":{"0":[1],"1":[1,1,1,1,1,2]},"_coverageSchema":"43e27e138ebf9cfc5966b082cf9a028302ed4184","hash":"2307ec008ea7fbd25884e08ed4f9c53836a49441"}
,"/Users/pauldowning/PersonalProjects/kava-clone/src/modules/cdps.js": {"path":"/Users/pauldowning/PersonalProjects/kava-clone/src/modules/cdps.js","statementMap":{"0":{"start":{"line":5,"column":40},"end":{"line":5,"column":66}},"1":{"start":{"line":6,"column":32},"end":{"line":6,"column":50}},"2":{"start":{"line":7,"column":39},"end":{"line":7,"column":64}},"3":{"start":{"line":8,"column":37},"end":{"line":8,"column":60}},"4":{"start":{"line":9,"column":30},"end":{"line":9,"column":46}},"5":{"start":{"line":12,"column":21},"end":{"line":17,"column":1}},"6":{"start":{"line":20,"column":2},"end":{"line":52,"column":3}},"7":{"start":{"line":22,"column":6},"end":{"line":24,"column":7}},"8":{"start":{"line":26,"column":6},"end":{"line":30,"column":7}},"9":{"start":{"line":32,"column":6},"end":{"line":36,"column":7}},"10":{"start":{"line":38,"column":6},"end":{"line":42,"column":7}},"11":{"start":{"line":45,"column":6},"end":{"line":49,"column":7}},"12":{"start":{"line":51,"column":6},"end":{"line":51,"column":18}},"13":{"start":{"line":56,"column":37},"end":{"line":58,"column":1}},"14":{"start":{"line":57,"column":2},"end":{"line":57,"column":44}},"15":{"start":{"line":60,"column":30},"end":{"line":62,"column":1}},"16":{"start":{"line":61,"column":2},"end":{"line":61,"column":42}},"17":{"start":{"line":64,"column":28},"end":{"line":66,"column":1}},"18":{"start":{"line":65,"column":2},"end":{"line":65,"column":40}},"19":{"start":{"line":68,"column":36},"end":{"line":70,"column":1}},"20":{"start":{"line":69,"column":2},"end":{"line":69,"column":49}},"21":{"start":{"line":72,"column":34},"end":{"line":74,"column":1}},"22":{"start":{"line":73,"column":2},"end":{"line":73,"column":47}},"23":{"start":{"line":78,"column":2},"end":{"line":88,"column":4}},"24":{"start":{"line":79,"column":4},"end":{"line":79,"column":38}},"25":{"start":{"line":80,"column":21},"end":{"line":80,"column":57}},"26":{"start":{"line":81,"column":4},"end":{"line":87,"column":8}},"27":{"start":{"line":83,"column":8},"end":{"line":83,"column":57}},"28":{"start":{"line":86,"column":8},"end":{"line":86,"column":45}},"29":{"start":{"line":92,"column":2},"end":{"line":102,"column":4}},"30":{"start":{"line":93,"column":4},"end":{"line":93,"column":38}},"31":{"start":{"line":94,"column":27},"end":{"line":94,"column":59}},"32":{"start":{"line":95,"column":4},"end":{"line":101,"column":8}},"33":{"start":{"line":97,"column":8},"end":{"line":97,"column":63}},"34":{"start":{"line":100,"column":8},"end":{"line":100,"column":51}}},"fnMap":{"0":{"name":"reducer","decl":{"start":{"line":19,"column":24},"end":{"line":19,"column":31}},"loc":{"start":{"line":19,"column":62},"end":{"line":53,"column":1}},"line":19},"1":{"name":"(anonymous_1)","decl":{"start":{"line":56,"column":37},"end":{"line":56,"column":38}},"loc":{"start":{"line":56,"column":43},"end":{"line":58,"column":1}},"line":56},"2":{"name":"(anonymous_2)","decl":{"start":{"line":60,"column":30},"end":{"line":60,"column":31}},"loc":{"start":{"line":60,"column":40},"end":{"line":62,"column":1}},"line":60},"3":{"name":"(anonymous_3)","decl":{"start":{"line":64,"column":28},"end":{"line":64,"column":29}},"loc":{"start":{"line":64,"column":38},"end":{"line":66,"column":1}},"line":64},"4":{"name":"(anonymous_4)","decl":{"start":{"line":68,"column":36},"end":{"line":68,"column":37}},"loc":{"start":{"line":68,"column":46},"end":{"line":70,"column":1}},"line":68},"5":{"name":"(anonymous_5)","decl":{"start":{"line":72,"column":34},"end":{"line":72,"column":35}},"loc":{"start":{"line":72,"column":44},"end":{"line":74,"column":1}},"line":72},"6":{"name":"getCdpData","decl":{"start":{"line":77,"column":16},"end":{"line":77,"column":26}},"loc":{"start":{"line":77,"column":29},"end":{"line":89,"column":1}},"line":77},"7":{"name":"(anonymous_7)","decl":{"start":{"line":78,"column":9},"end":{"line":78,"column":10}},"loc":{"start":{"line":78,"column":21},"end":{"line":88,"column":3}},"line":78},"8":{"name":"(anonymous_8)","decl":{"start":{"line":82,"column":12},"end":{"line":82,"column":13}},"loc":{"start":{"line":82,"column":19},"end":{"line":84,"column":7}},"line":82},"9":{"name":"(anonymous_9)","decl":{"start":{"line":85,"column":13},"end":{"line":85,"column":14}},"loc":{"start":{"line":85,"column":22},"end":{"line":87,"column":7}},"line":85},"10":{"name":"getCdpParamsData","decl":{"start":{"line":91,"column":16},"end":{"line":91,"column":32}},"loc":{"start":{"line":91,"column":35},"end":{"line":103,"column":1}},"line":91},"11":{"name":"(anonymous_11)","decl":{"start":{"line":92,"column":9},"end":{"line":92,"column":10}},"loc":{"start":{"line":92,"column":21},"end":{"line":102,"column":3}},"line":92},"12":{"name":"(anonymous_12)","decl":{"start":{"line":96,"column":12},"end":{"line":96,"column":13}},"loc":{"start":{"line":96,"column":19},"end":{"line":98,"column":7}},"line":96},"13":{"name":"(anonymous_13)","decl":{"start":{"line":99,"column":13},"end":{"line":99,"column":14}},"loc":{"start":{"line":99,"column":22},"end":{"line":101,"column":7}},"line":99}},"branchMap":{"0":{"loc":{"start":{"line":19,"column":32},"end":{"line":19,"column":52}},"type":"default-arg","locations":[{"start":{"line":19,"column":40},"end":{"line":19,"column":52}}],"line":19},"1":{"loc":{"start":{"line":20,"column":2},"end":{"line":52,"column":3}},"type":"switch","locations":[{"start":{"line":21,"column":4},"end":{"line":24,"column":7}},{"start":{"line":25,"column":4},"end":{"line":30,"column":7}},{"start":{"line":31,"column":4},"end":{"line":36,"column":7}},{"start":{"line":37,"column":4},"end":{"line":42,"column":7}},{"start":{"line":44,"column":6},"end":{"line":49,"column":7}},{"start":{"line":50,"column":4},"end":{"line":51,"column":18}}],"line":20}},"s":{"0":3,"1":3,"2":3,"3":3,"4":3,"5":3,"6":7,"7":1,"8":1,"9":1,"10":1,"11":1,"12":2,"13":3,"14":12,"15":3,"16":4,"17":3,"18":4,"19":3,"20":4,"21":3,"22":4,"23":5,"24":5,"25":5,"26":5,"27":1,"28":1,"29":5,"30":5,"31":5,"32":5,"33":1,"34":1},"f":{"0":7,"1":12,"2":4,"3":4,"4":4,"5":4,"6":5,"7":5,"8":1,"9":1,"10":5,"11":5,"12":1,"13":1},"b":{"0":[1],"1":[1,1,1,1,1,2]},"_coverageSchema":"43e27e138ebf9cfc5966b082cf9a028302ed4184","hash":"43bdf9b14fcfdb59ebba2384237cbe531a5bde2f"}
,"/Users/pauldowning/PersonalProjects/kava-clone/src/modules/kava.js": {"path":"/Users/pauldowning/PersonalProjects/kava-clone/src/modules/kava.js","statementMap":{"0":{"start":{"line":4,"column":41},"end":{"line":4,"column":68}},"1":{"start":{"line":5,"column":33},"end":{"line":5,"column":52}},"2":{"start":{"line":6,"column":31},"end":{"line":6,"column":48}},"3":{"start":{"line":9,"column":21},"end":{"line":9,"column":60}},"4":{"start":{"line":12,"column":2},"end":{"line":31,"column":3}},"5":{"start":{"line":14,"column":6},"end":{"line":16,"column":7}},"6":{"start":{"line":18,"column":6},"end":{"line":22,"column":7}},"7":{"start":{"line":24,"column":6},"end":{"line":28,"column":7}},"8":{"start":{"line":30,"column":6},"end":{"line":30,"column":18}},"9":{"start":{"line":35,"column":38},"end":{"line":37,"column":1}},"10":{"start":{"line":36,"column":2},"end":{"line":36,"column":45}},"11":{"start":{"line":39,"column":31},"end":{"line":41,"column":1}},"12":{"start":{"line":40,"column":2},"end":{"line":40,"column":43}},"13":{"start":{"line":43,"column":29},"end":{"line":45,"column":1}},"14":{"start":{"line":44,"column":2},"end":{"line":44,"column":41}},"15":{"start":{"line":49,"column":2},"end":{"line":58,"column":4}},"16":{"start":{"line":50,"column":4},"end":{"line":50,"column":39}},"17":{"start":{"line":51,"column":4},"end":{"line":57,"column":8}},"18":{"start":{"line":53,"column":8},"end":{"line":53,"column":51}},"19":{"start":{"line":56,"column":8},"end":{"line":56,"column":46}}},"fnMap":{"0":{"name":"reducer","decl":{"start":{"line":11,"column":24},"end":{"line":11,"column":31}},"loc":{"start":{"line":11,"column":62},"end":{"line":32,"column":1}},"line":11},"1":{"name":"(anonymous_1)","decl":{"start":{"line":35,"column":38},"end":{"line":35,"column":39}},"loc":{"start":{"line":35,"column":44},"end":{"line":37,"column":1}},"line":35},"2":{"name":"(anonymous_2)","decl":{"start":{"line":39,"column":31},"end":{"line":39,"column":32}},"loc":{"start":{"line":39,"column":41},"end":{"line":41,"column":1}},"line":39},"3":{"name":"(anonymous_3)","decl":{"start":{"line":43,"column":29},"end":{"line":43,"column":30}},"loc":{"start":{"line":43,"column":39},"end":{"line":45,"column":1}},"line":43},"4":{"name":"getKavaData","decl":{"start":{"line":48,"column":16},"end":{"line":48,"column":27}},"loc":{"start":{"line":48,"column":30},"end":{"line":59,"column":1}},"line":48},"5":{"name":"(anonymous_5)","decl":{"start":{"line":49,"column":9},"end":{"line":49,"column":10}},"loc":{"start":{"line":49,"column":21},"end":{"line":58,"column":3}},"line":49},"6":{"name":"(anonymous_6)","decl":{"start":{"line":52,"column":12},"end":{"line":52,"column":13}},"loc":{"start":{"line":52,"column":19},"end":{"line":54,"column":7}},"line":52},"7":{"name":"(anonymous_7)","decl":{"start":{"line":55,"column":13},"end":{"line":55,"column":14}},"loc":{"start":{"line":55,"column":22},"end":{"line":57,"column":7}},"line":55}},"branchMap":{"0":{"loc":{"start":{"line":11,"column":32},"end":{"line":11,"column":52}},"type":"default-arg","locations":[{"start":{"line":11,"column":40},"end":{"line":11,"column":52}}],"line":11},"1":{"loc":{"start":{"line":12,"column":2},"end":{"line":31,"column":3}},"type":"switch","locations":[{"start":{"line":13,"column":4},"end":{"line":16,"column":7}},{"start":{"line":17,"column":4},"end":{"line":22,"column":7}},{"start":{"line":23,"column":4},"end":{"line":28,"column":7}},{"start":{"line":29,"column":4},"end":{"line":30,"column":18}}],"line":12}},"s":{"0":3,"1":3,"2":3,"3":3,"4":5,"5":1,"6":1,"7":1,"8":2,"9":3,"10":7,"11":3,"12":4,"13":3,"14":4,"15":5,"16":5,"17":5,"18":1,"19":1},"f":{"0":5,"1":7,"2":4,"3":4,"4":5,"5":5,"6":1,"7":1},"b":{"0":[1],"1":[1,1,1,2]},"_coverageSchema":"43e27e138ebf9cfc5966b082cf9a028302ed4184","hash":"cdbfa4bbd9a9b5952553f49f953a0fa821150ace"}
,"/Users/pauldowning/PersonalProjects/kava-clone/src/modules/rewards.js": {"path":"/Users/pauldowning/PersonalProjects/kava-clone/src/modules/rewards.js","statementMap":{"0":{"start":{"line":5,"column":44},"end":{"line":5,"column":74}},"1":{"start":{"line":6,"column":43},"end":{"line":6,"column":72}},"2":{"start":{"line":7,"column":43},"end":{"line":7,"column":72}},"3":{"start":{"line":8,"column":41},"end":{"line":8,"column":68}},"4":{"start":{"line":9,"column":41},"end":{"line":9,"column":68}},"5":{"start":{"line":12,"column":21},"end":{"line":17,"column":1}},"6":{"start":{"line":20,"column":2},"end":{"line":51,"column":3}},"7":{"start":{"line":22,"column":6},"end":{"line":24,"column":7}},"8":{"start":{"line":26,"column":6},"end":{"line":30,"column":7}},"9":{"start":{"line":32,"column":6},"end":{"line":36,"column":7}},"10":{"start":{"line":38,"column":6},"end":{"line":42,"column":7}},"11":{"start":{"line":44,"column":6},"end":{"line":48,"column":7}},"12":{"start":{"line":50,"column":6},"end":{"line":50,"column":18}},"13":{"start":{"line":55,"column":41},"end":{"line":57,"column":1}},"14":{"start":{"line":56,"column":2},"end":{"line":56,"column":48}},"15":{"start":{"line":59,"column":40},"end":{"line":61,"column":1}},"16":{"start":{"line":60,"column":2},"end":{"line":60,"column":53}},"17":{"start":{"line":63,"column":39},"end":{"line":65,"column":1}},"18":{"start":{"line":64,"column":2},"end":{"line":64,"column":53}},"19":{"start":{"line":67,"column":38},"end":{"line":69,"column":1}},"20":{"start":{"line":68,"column":2},"end":{"line":68,"column":51}},"21":{"start":{"line":71,"column":38},"end":{"line":73,"column":1}},"22":{"start":{"line":72,"column":2},"end":{"line":72,"column":51}},"23":{"start":{"line":77,"column":2},"end":{"line":87,"column":4}},"24":{"start":{"line":78,"column":4},"end":{"line":78,"column":42}},"25":{"start":{"line":79,"column":24},"end":{"line":79,"column":65}},"26":{"start":{"line":80,"column":4},"end":{"line":86,"column":8}},"27":{"start":{"line":82,"column":8},"end":{"line":82,"column":67}},"28":{"start":{"line":85,"column":8},"end":{"line":85,"column":55}},"29":{"start":{"line":91,"column":2},"end":{"line":101,"column":4}},"30":{"start":{"line":92,"column":4},"end":{"line":92,"column":42}},"31":{"start":{"line":93,"column":29},"end":{"line":93,"column":67}},"32":{"start":{"line":94,"column":4},"end":{"line":100,"column":8}},"33":{"start":{"line":96,"column":8},"end":{"line":96,"column":66}},"34":{"start":{"line":99,"column":8},"end":{"line":99,"column":55}}},"fnMap":{"0":{"name":"reducer","decl":{"start":{"line":19,"column":24},"end":{"line":19,"column":31}},"loc":{"start":{"line":19,"column":62},"end":{"line":52,"column":1}},"line":19},"1":{"name":"(anonymous_1)","decl":{"start":{"line":55,"column":41},"end":{"line":55,"column":42}},"loc":{"start":{"line":55,"column":47},"end":{"line":57,"column":1}},"line":55},"2":{"name":"(anonymous_2)","decl":{"start":{"line":59,"column":40},"end":{"line":59,"column":41}},"loc":{"start":{"line":59,"column":50},"end":{"line":61,"column":1}},"line":59},"3":{"name":"(anonymous_3)","decl":{"start":{"line":63,"column":39},"end":{"line":63,"column":40}},"loc":{"start":{"line":63,"column":49},"end":{"line":65,"column":1}},"line":63},"4":{"name":"(anonymous_4)","decl":{"start":{"line":67,"column":38},"end":{"line":67,"column":39}},"loc":{"start":{"line":67,"column":48},"end":{"line":69,"column":1}},"line":67},"5":{"name":"(anonymous_5)","decl":{"start":{"line":71,"column":38},"end":{"line":71,"column":39}},"loc":{"start":{"line":71,"column":48},"end":{"line":73,"column":1}},"line":71},"6":{"name":"getRewardsPeriodData","decl":{"start":{"line":76,"column":16},"end":{"line":76,"column":36}},"loc":{"start":{"line":76,"column":39},"end":{"line":88,"column":1}},"line":76},"7":{"name":"(anonymous_7)","decl":{"start":{"line":77,"column":9},"end":{"line":77,"column":10}},"loc":{"start":{"line":77,"column":21},"end":{"line":87,"column":3}},"line":77},"8":{"name":"(anonymous_8)","decl":{"start":{"line":81,"column":12},"end":{"line":81,"column":13}},"loc":{"start":{"line":81,"column":19},"end":{"line":83,"column":7}},"line":81},"9":{"name":"(anonymous_9)","decl":{"start":{"line":84,"column":13},"end":{"line":84,"column":14}},"loc":{"start":{"line":84,"column":22},"end":{"line":86,"column":7}},"line":84},"10":{"name":"getRewardsParamsData","decl":{"start":{"line":90,"column":16},"end":{"line":90,"column":36}},"loc":{"start":{"line":90,"column":39},"end":{"line":102,"column":1}},"line":90},"11":{"name":"(anonymous_11)","decl":{"start":{"line":91,"column":9},"end":{"line":91,"column":10}},"loc":{"start":{"line":91,"column":21},"end":{"line":101,"column":3}},"line":91},"12":{"name":"(anonymous_12)","decl":{"start":{"line":95,"column":12},"end":{"line":95,"column":13}},"loc":{"start":{"line":95,"column":19},"end":{"line":97,"column":7}},"line":95},"13":{"name":"(anonymous_13)","decl":{"start":{"line":98,"column":13},"end":{"line":98,"column":14}},"loc":{"start":{"line":98,"column":22},"end":{"line":100,"column":7}},"line":98}},"branchMap":{"0":{"loc":{"start":{"line":19,"column":32},"end":{"line":19,"column":52}},"type":"default-arg","locations":[{"start":{"line":19,"column":40},"end":{"line":19,"column":52}}],"line":19},"1":{"loc":{"start":{"line":20,"column":2},"end":{"line":51,"column":3}},"type":"switch","locations":[{"start":{"line":21,"column":4},"end":{"line":24,"column":7}},{"start":{"line":25,"column":4},"end":{"line":30,"column":7}},{"start":{"line":31,"column":4},"end":{"line":36,"column":7}},{"start":{"line":37,"column":4},"end":{"line":42,"column":7}},{"start":{"line":43,"column":4},"end":{"line":48,"column":7}},{"start":{"line":49,"column":4},"end":{"line":50,"column":18}}],"line":20}},"s":{"0":3,"1":3,"2":3,"3":3,"4":3,"5":3,"6":7,"7":1,"8":1,"9":1,"10":1,"11":1,"12":2,"13":3,"14":12,"15":3,"16":4,"17":3,"18":4,"19":3,"20":4,"21":3,"22":4,"23":5,"24":5,"25":5,"26":5,"27":1,"28":1,"29":5,"30":5,"31":5,"32":5,"33":1,"34":1},"f":{"0":7,"1":12,"2":4,"3":4,"4":4,"5":4,"6":5,"7":5,"8":1,"9":1,"10":5,"11":5,"12":1,"13":1},"b":{"0":[1],"1":[1,1,1,1,1,2]},"_coverageSchema":"43e27e138ebf9cfc5966b082cf9a028302ed4184","hash":"b1ef73a440e2859660bb6a33dd38780d69bf13dc"}
,"/Users/pauldowning/PersonalProjects/kava-clone/src/utils/constants.js": {"path":"/Users/pauldowning/PersonalProjects/kava-clone/src/utils/constants.js","statementMap":{"0":{"start":{"line":1,"column":33},"end":{"line":1,"column":36}},"1":{"start":{"line":2,"column":26},"end":{"line":2,"column":29}},"2":{"start":{"line":3,"column":42},"end":{"line":3,"column":45}},"3":{"start":{"line":4,"column":29},"end":{"line":4,"column":58}}},"fnMap":{},"branchMap":{},"s":{"0":7,"1":7,"2":7,"3":7},"f":{},"b":{},"_coverageSchema":"43e27e138ebf9cfc5966b082cf9a028302ed4184","hash":"444b1470b0bee123e92c1f5e82701d1cfa9647db"}
,"/Users/pauldowning/PersonalProjects/kava-clone/src/utils/conversions.js": {"path":"/Users/pauldowning/PersonalProjects/kava-clone/src/utils/conversions.js","statementMap":{"0":{"start":{"line":2,"column":2},"end":{"line":2,"column":30}},"1":{"start":{"line":6,"column":2},"end":{"line":6,"column":30}},"2":{"start":{"line":10,"column":2},"end":{"line":10,"column":30}},"3":{"start":{"line":14,"column":2},"end":{"line":14,"column":30}}},"fnMap":{"0":{"name":"bnbToBNB","decl":{"start":{"line":1,"column":16},"end":{"line":1,"column":24}},"loc":{"start":{"line":1,"column":32},"end":{"line":3,"column":1}},"line":1},"1":{"name":"ukavaToKAVA","decl":{"start":{"line":5,"column":16},"end":{"line":5,"column":27}},"loc":{"start":{"line":5,"column":35},"end":{"line":7,"column":1}},"line":5},"2":{"name":"nanoSecondsToSeconds","decl":{"start":{"line":9,"column":16},"end":{"line":9,"column":36}},"loc":{"start":{"line":9,"column":44},"end":{"line":11,"column":1}},"line":9},"3":{"name":"usdxToUSDX","decl":{"start":{"line":13,"column":16},"end":{"line":13,"column":26}},"loc":{"start":{"line":13,"column":34},"end":{"line":15,"column":1}},"line":13}},"branchMap":{},"s":{"0":13,"1":7,"2":7,"3":28},"f":{"0":13,"1":7,"2":7,"3":28},"b":{},"_coverageSchema":"43e27e138ebf9cfc5966b082cf9a028302ed4184","hash":"06fc55f64ab120130e1b40782edbb72d5819feca"}
,"/Users/pauldowning/PersonalProjects/kava-clone/src/utils/viewUtils.js": {"path":"/Users/pauldowning/PersonalProjects/kava-clone/src/utils/viewUtils.js","statementMap":{"0":{"start":{"line":2,"column":2},"end":{"line":2,"column":89}},"1":{"start":{"line":6,"column":2},"end":{"line":6,"column":78}},"2":{"start":{"line":11,"column":2},"end":{"line":11,"column":51}},"3":{"start":{"line":16,"column":2},"end":{"line":16,"column":34}},"4":{"start":{"line":16,"column":22},"end":{"line":16,"column":32}},"5":{"start":{"line":17,"column":2},"end":{"line":17,"column":43}},"6":{"start":{"line":22,"column":2},"end":{"line":22,"column":34}},"7":{"start":{"line":22,"column":22},"end":{"line":22,"column":32}},"8":{"start":{"line":23,"column":2},"end":{"line":23,"column":21}},"9":{"start":{"line":29,"column":13},"end":{"line":29,"column":37}},"10":{"start":{"line":31,"column":2},"end":{"line":40,"column":3}},"11":{"start":{"line":33,"column":6},"end":{"line":33,"column":26}},"12":{"start":{"line":34,"column":6},"end":{"line":34,"column":12}},"13":{"start":{"line":36,"column":6},"end":{"line":36,"column":28}},"14":{"start":{"line":37,"column":6},"end":{"line":37,"column":12}},"15":{"start":{"line":39,"column":6},"end":{"line":39,"column":27}},"16":{"start":{"line":41,"column":2},"end":{"line":41,"column":21}}},"fnMap":{"0":{"name":"numberToMoneyString","decl":{"start":{"line":1,"column":16},"end":{"line":1,"column":35}},"loc":{"start":{"line":1,"column":43},"end":{"line":3,"column":1}},"line":1},"1":{"name":"numberToMoneyNoSymbol","decl":{"start":{"line":5,"column":16},"end":{"line":5,"column":37}},"loc":{"start":{"line":5,"column":45},"end":{"line":7,"column":1}},"line":5},"2":{"name":"numberToMoneyNoDecimal","decl":{"start":{"line":9,"column":16},"end":{"line":9,"column":38}},"loc":{"start":{"line":9,"column":46},"end":{"line":12,"column":1}},"line":9},"3":{"name":"formatPercentages","decl":{"start":{"line":14,"column":16},"end":{"line":14,"column":33}},"loc":{"start":{"line":14,"column":48},"end":{"line":18,"column":1}},"line":14},"4":{"name":"numberToMoneyForTable","decl":{"start":{"line":20,"column":16},"end":{"line":20,"column":37}},"loc":{"start":{"line":20,"column":45},"end":{"line":24,"column":1}},"line":20},"5":{"name":"percentageDisplayClass","decl":{"start":{"line":28,"column":16},"end":{"line":28,"column":38}},"loc":{"start":{"line":28,"column":46},"end":{"line":42,"column":1}},"line":28}},"branchMap":{"0":{"loc":{"start":{"line":16,"column":2},"end":{"line":16,"column":34}},"type":"if","locations":[{"start":{"line":16,"column":2},"end":{"line":16,"column":34}},{"start":{"line":16,"column":2},"end":{"line":16,"column":34}}],"line":16},"1":{"loc":{"start":{"line":22,"column":2},"end":{"line":22,"column":34}},"type":"if","locations":[{"start":{"line":22,"column":2},"end":{"line":22,"column":34}},{"start":{"line":22,"column":2},"end":{"line":22,"column":34}}],"line":22},"2":{"loc":{"start":{"line":31,"column":2},"end":{"line":40,"column":3}},"type":"switch","locations":[{"start":{"line":32,"column":4},"end":{"line":34,"column":12}},{"start":{"line":35,"column":4},"end":{"line":37,"column":12}},{"start":{"line":38,"column":4},"end":{"line":39,"column":27}}],"line":31}},"s":{"0":11,"1":7,"2":15,"3":32,"4":13,"5":19,"6":22,"7":13,"8":9,"9":6,"10":6,"11":4,"12":4,"13":1,"14":1,"15":1,"16":6},"f":{"0":11,"1":7,"2":15,"3":32,"4":22,"5":6},"b":{"0":[13,19],"1":[13,9],"2":[4,1,1]},"_coverageSchema":"43e27e138ebf9cfc5966b082cf9a028302ed4184","hash":"0342fbe36ddbba817fca69be3fb86210ed502ae0"}
}
