TN:
SF:/Users/pauldowning/PersonalProjects/kava-clone/src/components/app.js
FN:5,App
FNF:1
FNH:1
FNDA:1,App
DA:6,1
LF:1
LH:1
BRF:0
BRH:0
end_of_record
TN:
SF:/Users/pauldowning/PersonalProjects/kava-clone/src/components/dashboard/arrowDownLabel.js
FN:5,ArrowDownLabel
FNF:1
FNH:1
FNDA:7,ArrowDownLabel
DA:6,7
DA:16,5
LF:2
LH:2
BRF:0
BRH:0
end_of_record
TN:
SF:/Users/pauldowning/PersonalProjects/kava-clone/src/components/dashboard/comingSoonProgressBar.js
FN:5,ComingSoonProgressBar
FNF:1
FNH:1
FNDA:10,ComingSoonProgressBar
DA:6,10
DA:25,5
LF:2
LH:2
BRF:0
BRH:0
end_of_record
TN:
SF:/Users/pauldowning/PersonalProjects/kava-clone/src/components/dashboard/featuredCardInfo.js
FN:5,FeaturedCardInfo
FNF:1
FNH:1
FNDA:7,FeaturedCardInfo
DA:6,7
DA:17,5
LF:2
LH:2
BRF:0
BRH:0
end_of_record
TN:
SF:/Users/pauldowning/PersonalProjects/kava-clone/src/components/dashboard/index.js
FN:15,Dashboard
FN:19,(anonymous_1)
FN:30,(anonymous_2)
FN:31,(anonymous_3)
FN:32,(anonymous_4)
FN:33,(anonymous_5)
FN:34,(anonymous_6)
FN:35,(anonymous_7)
FN:36,(anonymous_8)
FNF:9
FNH:9
FNDA:3,Dashboard
FNDA:3,(anonymous_1)
FNDA:34,(anonymous_2)
FNDA:34,(anonymous_3)
FNDA:34,(anonymous_4)
FNDA:34,(anonymous_5)
FNDA:34,(anonymous_6)
FNDA:34,(anonymous_7)
FNDA:34,(anonymous_8)
DA:17,3
DA:19,3
DA:20,3
DA:30,34
DA:31,34
DA:32,34
DA:33,34
DA:34,34
DA:35,34
DA:36,34
DA:41,3
DA:45,3
DA:47,2
LF:13
LH:13
BRDA:41,0,0,3
BRDA:41,0,1,3
BRDA:41,0,2,3
BRDA:41,0,3,3
BRDA:41,0,4,3
BRDA:41,0,5,3
BRDA:41,0,6,3
BRDA:45,1,0,1
BRDA:45,1,1,2
BRF:9
BRH:9
end_of_record
TN:
SF:/Users/pauldowning/PersonalProjects/kava-clone/src/components/dashboard/lockedAssetsCard.js
FN:25,LockedAssetsCard
FN:29,(anonymous_1)
FN:30,(anonymous_2)
FN:31,(anonymous_3)
FN:32,(anonymous_4)
FN:33,(anonymous_5)
FN:34,(anonymous_6)
FN:34,(anonymous_7)
FN:35,(anonymous_8)
FN:35,(anonymous_9)
FNF:10
FNH:10
FNDA:3,LockedAssetsCard
FNDA:27,(anonymous_1)
FNDA:27,(anonymous_2)
FNDA:27,(anonymous_3)
FNDA:27,(anonymous_4)
FNDA:27,(anonymous_5)
FNDA:27,(anonymous_6)
FNDA:27,(anonymous_7)
FNDA:27,(anonymous_8)
FNDA:27,(anonymous_9)
DA:29,27
DA:30,27
DA:31,27
DA:32,27
DA:33,27
DA:34,27
DA:35,27
DA:38,3
DA:39,3
DA:40,3
DA:41,3
DA:42,3
DA:43,3
DA:45,3
DA:47,3
LF:15
LH:15
BRF:0
BRH:0
end_of_record
TN:
SF:/Users/pauldowning/PersonalProjects/kava-clone/src/components/dashboard/progressBarPanel.js
FN:12,ProgressBarPanel
FNF:1
FNH:1
FNDA:7,ProgressBarPanel
DA:14,7
DA:16,7
DA:36,5
LF:3
LH:3
BRF:0
BRH:0
end_of_record
TN:
SF:/Users/pauldowning/PersonalProjects/kava-clone/src/components/dashboard/topAssetsTable.js
FN:15,TopAssetsTable
FN:17,(anonymous_1)
FN:18,(anonymous_2)
FN:18,(anonymous_3)
FN:23,(anonymous_4)
FN:24,(anonymous_5)
FN:30,(anonymous_6)
FNF:7
FNH:7
FNDA:3,TopAssetsTable
FNDA:27,(anonymous_1)
FNDA:27,(anonymous_2)
FNDA:27,(anonymous_3)
FNDA:27,(anonymous_4)
FNDA:27,(anonymous_5)
FNDA:6,(anonymous_6)
DA:17,27
DA:18,27
DA:19,3
DA:21,3
DA:22,3
DA:23,27
DA:24,27
DA:29,3
DA:30,6
DA:33,3
DA:34,3
DA:36,3
LF:12
LH:12
BRF:0
BRH:0
end_of_record
TN:
SF:/Users/pauldowning/PersonalProjects/kava-clone/src/components/dashboard/topAssetsTableRow.js
FN:7,TopAssetsTableRow
FNF:1
FNH:1
FNDA:10,TopAssetsTableRow
DA:8,10
DA:21,4
LF:2
LH:2
BRF:0
BRH:0
end_of_record
TN:
SF:/Users/pauldowning/PersonalProjects/kava-clone/src/components/dashboard/totalLoansCard.js
FN:21,TotalLoansCard
FN:23,(anonymous_1)
FNF:2
FNH:2
FNDA:3,TotalLoansCard
FNDA:27,(anonymous_1)
DA:23,27
DA:25,3
LF:2
LH:2
BRF:0
BRH:0
end_of_record
TN:
SF:/Users/pauldowning/PersonalProjects/kava-clone/src/components/shared/divider.js
FN:3,Divider
FNF:1
FNH:1
FNDA:22,Divider
DA:4,22
LF:1
LH:1
BRF:0
BRH:0
end_of_record
TN:
SF:/Users/pauldowning/PersonalProjects/kava-clone/src/modules/bnb.js
FN:19,reducer
FN:55,(anonymous_1)
FN:59,(anonymous_2)
FN:63,(anonymous_3)
FN:67,(anonymous_4)
FN:71,(anonymous_5)
FN:76,getBnbSupplyData
FN:77,(anonymous_7)
FN:81,(anonymous_8)
FN:84,(anonymous_9)
FN:90,getBnbPriceData
FN:91,(anonymous_11)
FN:95,(anonymous_12)
FN:98,(anonymous_13)
FNF:14
FNH:14
FNDA:7,reducer
FNDA:12,(anonymous_1)
FNDA:4,(anonymous_2)
FNDA:4,(anonymous_3)
FNDA:4,(anonymous_4)
FNDA:4,(anonymous_5)
FNDA:5,getBnbSupplyData
FNDA:5,(anonymous_7)
FNDA:1,(anonymous_8)
FNDA:1,(anonymous_9)
FNDA:5,getBnbPriceData
FNDA:5,(anonymous_11)
FNDA:1,(anonymous_12)
FNDA:1,(anonymous_13)
DA:5,3
DA:6,3
DA:7,3
DA:8,3
DA:9,3
DA:12,3
DA:20,7
DA:22,1
DA:26,1
DA:32,1
DA:38,1
DA:44,1
DA:50,2
DA:55,3
DA:56,12
DA:59,3
DA:60,4
DA:63,3
DA:64,4
DA:67,3
DA:68,4
DA:71,3
DA:72,4
DA:77,5
DA:78,5
DA:79,5
DA:80,5
DA:82,1
DA:85,1
DA:91,5
DA:92,5
DA:93,5
DA:94,5
DA:96,1
DA:99,1
LF:35
LH:35
BRDA:19,0,0,1
BRDA:20,1,0,1
BRDA:20,1,1,1
BRDA:20,1,2,1
BRDA:20,1,3,1
BRDA:20,1,4,1
BRDA:20,1,5,2
BRF:7
BRH:7
end_of_record
TN:
SF:/Users/pauldowning/PersonalProjects/kava-clone/src/modules/cdps.js
FN:19,reducer
FN:56,(anonymous_1)
FN:60,(anonymous_2)
FN:64,(anonymous_3)
FN:68,(anonymous_4)
FN:72,(anonymous_5)
FN:77,getCdpData
FN:78,(anonymous_7)
FN:82,(anonymous_8)
FN:85,(anonymous_9)
FN:91,getCdpParamsData
FN:92,(anonymous_11)
FN:96,(anonymous_12)
FN:99,(anonymous_13)
FNF:14
FNH:14
FNDA:7,reducer
FNDA:12,(anonymous_1)
FNDA:4,(anonymous_2)
FNDA:4,(anonymous_3)
FNDA:4,(anonymous_4)
FNDA:4,(anonymous_5)
FNDA:5,getCdpData
FNDA:5,(anonymous_7)
FNDA:1,(anonymous_8)
FNDA:1,(anonymous_9)
FNDA:5,getCdpParamsData
FNDA:5,(anonymous_11)
FNDA:1,(anonymous_12)
FNDA:1,(anonymous_13)
DA:5,3
DA:6,3
DA:7,3
DA:8,3
DA:9,3
DA:12,3
DA:20,7
DA:22,1
DA:26,1
DA:32,1
DA:38,1
DA:45,1
DA:51,2
DA:56,3
DA:57,12
DA:60,3
DA:61,4
DA:64,3
DA:65,4
DA:68,3
DA:69,4
DA:72,3
DA:73,4
DA:78,5
DA:79,5
DA:80,5
DA:81,5
DA:83,1
DA:86,1
DA:92,5
DA:93,5
DA:94,5
DA:95,5
DA:97,1
DA:100,1
LF:35
LH:35
BRDA:19,0,0,1
BRDA:20,1,0,1
BRDA:20,1,1,1
BRDA:20,1,2,1
BRDA:20,1,3,1
BRDA:20,1,4,1
BRDA:20,1,5,2
BRF:7
BRH:7
end_of_record
TN:
SF:/Users/pauldowning/PersonalProjects/kava-clone/src/modules/kava.js
FN:11,reducer
FN:35,(anonymous_1)
FN:39,(anonymous_2)
FN:43,(anonymous_3)
FN:48,getKavaData
FN:49,(anonymous_5)
FN:52,(anonymous_6)
FN:55,(anonymous_7)
FNF:8
FNH:8
FNDA:5,reducer
FNDA:7,(anonymous_1)
FNDA:4,(anonymous_2)
FNDA:4,(anonymous_3)
FNDA:5,getKavaData
FNDA:5,(anonymous_5)
FNDA:1,(anonymous_6)
FNDA:1,(anonymous_7)
DA:4,3
DA:5,3
DA:6,3
DA:9,3
DA:12,5
DA:14,1
DA:18,1
DA:24,1
DA:30,2
DA:35,3
DA:36,7
DA:39,3
DA:40,4
DA:43,3
DA:44,4
DA:49,5
DA:50,5
DA:51,5
DA:53,1
DA:56,1
LF:20
LH:20
BRDA:11,0,0,1
BRDA:12,1,0,1
BRDA:12,1,1,1
BRDA:12,1,2,1
BRDA:12,1,3,2
BRF:5
BRH:5
end_of_record
TN:
SF:/Users/pauldowning/PersonalProjects/kava-clone/src/modules/rewards.js
FN:19,reducer
FN:55,(anonymous_1)
FN:59,(anonymous_2)
FN:63,(anonymous_3)
FN:67,(anonymous_4)
FN:71,(anonymous_5)
FN:76,getRewardsPeriodData
FN:77,(anonymous_7)
FN:81,(anonymous_8)
FN:84,(anonymous_9)
FN:90,getRewardsParamsData
FN:91,(anonymous_11)
FN:95,(anonymous_12)
FN:98,(anonymous_13)
FNF:14
FNH:14
FNDA:7,reducer
FNDA:12,(anonymous_1)
FNDA:4,(anonymous_2)
FNDA:4,(anonymous_3)
FNDA:4,(anonymous_4)
FNDA:4,(anonymous_5)
FNDA:5,getRewardsPeriodData
FNDA:5,(anonymous_7)
FNDA:1,(anonymous_8)
FNDA:1,(anonymous_9)
FNDA:5,getRewardsParamsData
FNDA:5,(anonymous_11)
FNDA:1,(anonymous_12)
FNDA:1,(anonymous_13)
DA:5,3
DA:6,3
DA:7,3
DA:8,3
DA:9,3
DA:12,3
DA:20,7
DA:22,1
DA:26,1
DA:32,1
DA:38,1
DA:44,1
DA:50,2
DA:55,3
DA:56,12
DA:59,3
DA:60,4
DA:63,3
DA:64,4
DA:67,3
DA:68,4
DA:71,3
DA:72,4
DA:77,5
DA:78,5
DA:79,5
DA:80,5
DA:82,1
DA:85,1
DA:91,5
DA:92,5
DA:93,5
DA:94,5
DA:96,1
DA:99,1
LF:35
LH:35
BRDA:19,0,0,1
BRDA:20,1,0,1
BRDA:20,1,1,1
BRDA:20,1,2,1
BRDA:20,1,3,1
BRDA:20,1,4,1
BRDA:20,1,5,2
BRF:7
BRH:7
end_of_record
TN:
SF:/Users/pauldowning/PersonalProjects/kava-clone/src/utils/constants.js
FNF:0
FNH:0
DA:1,7
DA:2,7
DA:3,7
DA:4,7
LF:4
LH:4
BRF:0
BRH:0
end_of_record
TN:
SF:/Users/pauldowning/PersonalProjects/kava-clone/src/utils/conversions.js
FN:1,bnbToBNB
FN:5,ukavaToKAVA
FN:9,nanoSecondsToSeconds
FN:13,usdxToUSDX
FNF:4
FNH:4
FNDA:13,bnbToBNB
FNDA:7,ukavaToKAVA
FNDA:7,nanoSecondsToSeconds
FNDA:28,usdxToUSDX
DA:2,13
DA:6,7
DA:10,7
DA:14,28
LF:4
LH:4
BRF:0
BRH:0
end_of_record
TN:
SF:/Users/pauldowning/PersonalProjects/kava-clone/src/utils/viewUtils.js
FN:1,numberToMoneyString
FN:5,numberToMoneyNoSymbol
FN:9,numberToMoneyNoDecimal
FN:14,formatPercentages
FN:20,numberToMoneyForTable
FN:28,percentageDisplayClass
FNF:6
FNH:6
FNDA:11,numberToMoneyString
FNDA:7,numberToMoneyNoSymbol
FNDA:15,numberToMoneyNoDecimal
FNDA:32,formatPercentages
FNDA:22,numberToMoneyForTable
FNDA:6,percentageDisplayClass
DA:2,11
DA:6,7
DA:11,15
DA:16,32
DA:17,19
DA:22,22
DA:23,9
DA:29,6
DA:31,6
DA:33,4
DA:34,4
DA:36,1
DA:37,1
DA:39,1
DA:41,6
LF:15
LH:15
BRDA:16,0,0,13
BRDA:16,0,1,19
BRDA:22,1,0,13
BRDA:22,1,1,9
BRDA:31,2,0,4
BRDA:31,2,1,1
BRDA:31,2,2,1
BRF:7
BRH:7
end_of_record
